<?xml version="1.0" encoding="UTF-8"?>
<!-- Generated by org.testng.reporters.JUnitReportReporter -->
<testsuite hostname="LAPTOP-MED95MIB" failures="0" tests="1" name="DistributedParellel.TestCase4" time="15.066" errors="0" timestamp="2021-10-29T11:41:19 IST" skipped="0">
  <testcase classname="DistributedParellel.TestCase4" name="d1" time="15.066"/>
  <system-out/>
</testsuite> <!-- DistributedParellel.TestCase4 -->
