<?xml version="1.0" encoding="UTF-8"?>
<!-- Generated by org.testng.reporters.JUnitReportReporter -->
<testsuite hostname="LAPTOP-MED95MIB" failures="0" tests="1" name="testNg.TestCase9" time="0.016" errors="0" timestamp="2021-10-28T11:43:45 IST" skipped="0">
  <testcase classname="testNg.TestCase9" name="login" time="0.016"/>
  <system-out>
    <![CDATA[its reporter class
test case is:001]]>
  </system-out>
</testsuite> <!-- testNg.TestCase9 -->
