<?xml version="1.0" encoding="UTF-8"?>
<!-- Generated by org.testng.reporters.JUnitReportReporter -->
<testsuite hostname="LAPTOP-MED95MIB" failures="0" tests="2" name="testNg.TestCase8" time="0.015" errors="0" timestamp="2021-10-28T11:35:39 IST" skipped="1">
  <testcase classname="testNg.TestCase8" name="c1" time="0.015"/>
  <system-out/>
  <testcase classname="testNg.TestCase8" name="a1">
    <skipped/>
  </testcase> <!-- a1 -->
  <system-out/>
</testsuite> <!-- testNg.TestCase8 -->
