<?xml version="1.0" encoding="UTF-8"?>
<!-- Generated by org.testng.reporters.JUnitReportReporter -->
<testsuite hostname="LAPTOP-MED95MIB" failures="0" tests="1" name="testNg.TestCase1" time="0.018" errors="0" timestamp="2021-10-28T10:24:54 IST" skipped="0">
  <testcase classname="testNg.TestCase1" name="login" time="0.018"/>
  <system-out/>
</testsuite> <!-- testNg.TestCase1 -->
