<?xml version="1.0" encoding="UTF-8"?>
<!-- Generated by org.testng.reporters.JUnitReportReporter -->
<testsuite hostname="LAPTOP-MED95MIB" failures="0" tests="6" name="testNg.TestCase3" time="51.569" errors="0" timestamp="2021-10-28T10:59:29 IST" skipped="0">
  <testcase classname="testNg.TestCase3" name="demo" time="7.276"/>
  <system-out/>
  <testcase classname="testNg.TestCase3" name="demo" time="9.717"/>
  <system-out/>
  <testcase classname="testNg.TestCase3" name="demo" time="7.397"/>
  <system-out/>
  <testcase classname="testNg.TestCase3" name="demo" time="7.665"/>
  <system-out/>
  <testcase classname="testNg.TestCase3" name="demo" time="9.732"/>
  <system-out/>
  <testcase classname="testNg.TestCase3" name="demo" time="9.782"/>
  <system-out/>
</testsuite> <!-- testNg.TestCase3 -->
