<?xml version="1.0" encoding="UTF-8"?>
<!-- Generated by org.testng.reporters.JUnitReportReporter -->
<testsuite hostname="LAPTOP-MED95MIB" failures="0" tests="3" name="testNg.TestCase5" time="0.022" errors="0" timestamp="2021-10-28T11:16:24 IST" skipped="0">
  <testcase classname="testNg.TestCase5" name="c1" time="0.017"/>
  <system-out/>
  <testcase classname="testNg.TestCase5" name="b1" time="0.003"/>
  <system-out/>
  <testcase classname="testNg.TestCase5" name="a1" time="0.002"/>
  <system-out/>
</testsuite> <!-- testNg.TestCase5 -->
