<?xml version="1.0" encoding="UTF-8"?>
<!-- Generated by org.testng.reporters.JUnitReportReporter -->
<testsuite hostname="LAPTOP-MED95MIB" failures="0" tests="1" name="DistributedParellel.TestCase2" time="16.111" errors="0" timestamp="2021-10-29T11:41:19 IST" skipped="0">
  <testcase classname="DistributedParellel.TestCase2" name="b1" time="16.111"/>
  <system-out/>
</testsuite> <!-- DistributedParellel.TestCase2 -->
