<?xml version="1.0" encoding="UTF-8"?>
<!-- Generated by org.testng.reporters.JUnitReportReporter -->
<testsuite hostname="LAPTOP-MED95MIB" failures="0" tests="1" name="DistributedParellel.TestCase1" time="7.322" errors="0" timestamp="2021-10-29T11:41:19 IST" skipped="0">
  <testcase classname="DistributedParellel.TestCase1" name="a1" time="7.322"/>
  <system-out/>
</testsuite> <!-- DistributedParellel.TestCase1 -->
