<?xml version="1.0" encoding="UTF-8"?>
<!-- Generated by org.testng.reporters.JUnitReportReporter -->
<testsuite hostname="LAPTOP-MED95MIB" failures="0" tests="1" name="DistributedParellel.TestCase3" time="6.855" errors="0" timestamp="2021-10-29T11:41:19 IST" skipped="0">
  <testcase classname="DistributedParellel.TestCase3" name="c1" time="6.855"/>
  <system-out/>
</testsuite> <!-- DistributedParellel.TestCase3 -->
