<?xml version="1.0" encoding="UTF-8"?>
<!-- Generated by org.testng.reporters.JUnitReportReporter -->
<testsuite hostname="LAPTOP-MED95MIB" failures="0" tests="3" name="demoActiTimePom.GroupExecution2" time="0.023" errors="0" timestamp="2021-10-29T10:53:49 IST" skipped="0">
  <testcase classname="demoActiTimePom.GroupExecution2" name="sample3" time="0.018"/>
  <system-out/>
  <testcase classname="demoActiTimePom.GroupExecution2" name="sample5" time="0.003"/>
  <system-out/>
  <testcase classname="demoActiTimePom.GroupExecution2" name="sample4" time="0.002"/>
  <system-out/>
</testsuite> <!-- demoActiTimePom.GroupExecution2 -->
