<?xml version="1.0" encoding="UTF-8"?>
<!-- Generated by org.testng.reporters.JUnitReportReporter -->
<testsuite hostname="LAPTOP-MED95MIB" failures="0" tests="1" name="demoActiTimePom.GroupExecution" time="0.003" errors="0" timestamp="2021-10-29T10:53:49 IST" skipped="0">
  <testcase classname="demoActiTimePom.GroupExecution" name="sample1" time="0.003"/>
  <system-out/>
</testsuite> <!-- demoActiTimePom.GroupExecution -->
