<?xml version="1.0" encoding="UTF-8"?>
<!-- Generated by org.testng.reporters.JUnitReportReporter -->
<testsuite hostname="LAPTOP-MED95MIB" failures="0" tests="1" name="testng.Demo" time="0.007" errors="0" timestamp="2021-10-27T11:58:24 IST" skipped="0">
  <testcase classname="testng.Demo" name="add" time="0.007"/>
  <system-out/>
</testsuite> <!-- testng.Demo -->
